<?xml version="1.0" encoding="UTF-8"?>
<!-- Generated by org.testng.reporters.JUnitReportReporter -->
<testsuite skipped="0" hostname="DESKTOP-N308L1J" name="test.AddCustomerTest" tests="1" failures="0" timestamp="08 Nov 2020 19:43:30 GMT" time="16.041" errors="0">
  <testcase name="userShouldBeAbleToAddCustomer" time="16.041" classname="test.AddCustomerTest"/>
</testsuite> <!-- test.AddCustomerTest -->
