<?xml version="1.0" encoding="UTF-8"?>
<!-- Generated by org.testng.reporters.JUnitReportReporter -->
<testsuite skipped="0" hostname="DESKTOP-N308L1J" name="util.BrowserFactory" tests="1" failures="0" timestamp="08 Nov 2020 16:17:15 GMT" time="5.526" errors="0">
  <testcase name="init" time="5.526" classname="util.BrowserFactory"/>
</testsuite> <!-- util.BrowserFactory -->
